
========================================================================
Thu 05-01-2023 14:24:53:: INFO    : Processing J085556.090+491113.15.fits
Thu 05-01-2023 14:24:53:: INFO    : PyBDSF version 1.10.1
Thu 05-01-2023 14:24:53:: INFO    : Non-default input parameters:
                                        filename             = 'J085556.090+491113.15.fits'
Thu 05-01-2023 14:24:58:: USERINFO: --> Opened 'J085556.090+491113.15.fits'
Thu 05-01-2023 14:24:58:: INFO    : Original data shape of J085556.090+491113.15.fits: (132, 132)
Thu 05-01-2023 14:24:58:: INFO    : Final data shape (npol, nchan, x, y): (1, 1, 132, 132)
Thu 05-01-2023 14:24:58:: USERINFO: Image size .............................. : (132, 132) pixels
Thu 05-01-2023 14:24:58:: USERINFO: Number of channels ...................... : 1
Thu 05-01-2023 14:24:58:: USERINFO: Number of Stokes parameters ............. : 1
Thu 05-01-2023 14:24:59:: USERINFO: Beam shape (major, minor, pos angle) .... : (1.50000e-03, 1.50000e-03, 0.0) degrees
Thu 05-01-2023 14:24:59:: INFO    : Equinox of image is 2000.000000.
Thu 05-01-2023 14:24:59:: USERINFO: Frequency of image ...................... : 1435.100 MHz
Thu 05-01-2023 14:24:59:: USERINFO: Number of blank pixels .................. : 0 (0.0%)
Thu 05-01-2023 14:24:59:: INFO    : Raw mean (Stokes I) =  0.1901 mJy and raw rms =  1.5056 mJy 
Thu 05-01-2023 14:24:59:: INFO    : sigma clipped mean (Stokes I) =  -0.0623 mJy and  sigma clipped rms =  0.2260 mJy 
Thu 05-01-2023 14:24:59:: USERINFO: Flux from sum of (non-blank) pixels ..... : 0.325 Jy
Thu 05-01-2023 14:24:59:: INFO    : Estimated bmpersrc_th =   15.20
Thu 05-01-2023 14:24:59:: INFO    : Parameter confused is True
Thu 05-01-2023 14:24:59:: USERINFO: --> Calculating background rms and mean images
Thu 05-01-2023 14:24:59:: INFO    : Estimated size of brightest source (pixels) = 3
Thu 05-01-2023 14:24:59:: INFO    : Maximum extent of largest 10-sigma island using clipped rms (pixels) = 42
Thu 05-01-2023 14:24:59:: USERINFO: Derived rms_box (box size, step size) ... : (211, 13) pixels
Thu 05-01-2023 14:24:59:: USERINFO: --> Size of rms_box larger than 1/4 of image size
Thu 05-01-2023 14:24:59:: USERINFO: --> Using constant background rms and mean
Thu 05-01-2023 14:24:59:: USERINFO: Value of background rms ................. : 2.26e-04 Jy/beam
Thu 05-01-2023 14:24:59:: USERINFO: Value of background mean ................ : -6e-05 Jy/beam
Thu 05-01-2023 14:24:59:: USERINFO: --> Expected 5-sigma-clipped false detection rate < fdr_ratio
Thu 05-01-2023 14:24:59:: USERINFO: --> Using sigma-clipping ('hard') thresholding
Thu 05-01-2023 14:24:59:: USERINFO: Minimum number of pixels per island ..... : 6
Thu 05-01-2023 14:24:59:: USERINFO: Number of islands found ................. : 1
Thu 05-01-2023 14:25:07:: USERINFO: Total number of Gaussians fit to image .. : 17
Thu 05-01-2023 14:25:07:: USERINFO: Total flux density in model ............. : 0.474 Jy
Thu 05-01-2023 14:25:07:: USERINFO: --> Grouping Gaussians into sources
Thu 05-01-2023 14:25:07:: USERINFO: Number of sources formed from Gaussians   : 2
Thu 05-01-2023 14:25:07:: INFO    : Calculating residual image after subtracting reconstructed gaussians
Thu 05-01-2023 14:25:07:: INFO    : Statistics of the Gaussian residual image:
                                            mean: -8.724e-05 (Jy/beam)
                                        std. dev: 2.210e-04 (Jy/beam)
                                            skew: -0.289
                                        kurtosis: 0.386
Thu 05-01-2023 14:25:07:: INFO    : Internally derived parameters:
                                        beam                 : (0.0015, 0.0015, 0.0)
                                        bmpersrc_th          : 15.204188481675393
                                        frequency            : 1435100000.0
                                        indir                : './'
                                        maxpix_isl           : inf
                                        minpix_isl           : 6
                                        rms_box              : (211, 13)
                                        rms_box_bright       : (84, 13)
                                        thresh               : 'hard'

========================================================================
Thu 05-01-2023 14:36:28:: INFO    : Processing J085556.090+491113.15.fits
Thu 05-01-2023 14:36:28:: INFO    : PyBDSF version 1.10.1
Thu 05-01-2023 14:36:28:: INFO    : Non-default input parameters:
                                        filename             = 'J085556.090+491113.15.fits'
Thu 05-01-2023 14:36:30:: USERINFO: --> Opened 'J085556.090+491113.15.fits'
Thu 05-01-2023 14:36:30:: INFO    : Original data shape of J085556.090+491113.15.fits: (132, 132)
Thu 05-01-2023 14:36:30:: INFO    : Final data shape (npol, nchan, x, y): (1, 1, 132, 132)
Thu 05-01-2023 14:36:30:: USERINFO: Image size .............................. : (132, 132) pixels
Thu 05-01-2023 14:36:30:: USERINFO: Number of channels ...................... : 1
Thu 05-01-2023 14:36:30:: USERINFO: Number of Stokes parameters ............. : 1
Thu 05-01-2023 14:36:31:: USERINFO: Beam shape (major, minor, pos angle) .... : (1.50000e-03, 1.50000e-03, 0.0) degrees
Thu 05-01-2023 14:36:31:: INFO    : Equinox of image is 2000.000000.
Thu 05-01-2023 14:36:31:: USERINFO: Frequency of image ...................... : 1435.100 MHz
Thu 05-01-2023 14:36:31:: USERINFO: Number of blank pixels .................. : 0 (0.0%)
Thu 05-01-2023 14:36:31:: INFO    : Raw mean (Stokes I) =  0.1901 mJy and raw rms =  1.5056 mJy 
Thu 05-01-2023 14:36:31:: INFO    : sigma clipped mean (Stokes I) =  -0.0623 mJy and  sigma clipped rms =  0.2260 mJy 
Thu 05-01-2023 14:36:31:: USERINFO: Flux from sum of (non-blank) pixels ..... : 0.325 Jy
Thu 05-01-2023 14:36:31:: INFO    : Estimated bmpersrc_th =   15.20
Thu 05-01-2023 14:36:31:: INFO    : Parameter confused is True
Thu 05-01-2023 14:36:31:: USERINFO: --> Calculating background rms and mean images
Thu 05-01-2023 14:36:31:: INFO    : Estimated size of brightest source (pixels) = 3
Thu 05-01-2023 14:36:31:: INFO    : Maximum extent of largest 10-sigma island using clipped rms (pixels) = 42
Thu 05-01-2023 14:36:31:: USERINFO: Derived rms_box (box size, step size) ... : (211, 13) pixels
Thu 05-01-2023 14:36:31:: USERINFO: --> Size of rms_box larger than 1/4 of image size
Thu 05-01-2023 14:36:31:: USERINFO: --> Using constant background rms and mean
Thu 05-01-2023 14:36:31:: USERINFO: Value of background rms ................. : 2.26e-04 Jy/beam
Thu 05-01-2023 14:36:31:: USERINFO: Value of background mean ................ : -6e-05 Jy/beam
Thu 05-01-2023 14:36:31:: USERINFO: --> Expected 5-sigma-clipped false detection rate < fdr_ratio
Thu 05-01-2023 14:36:31:: USERINFO: --> Using sigma-clipping ('hard') thresholding
Thu 05-01-2023 14:36:31:: USERINFO: Minimum number of pixels per island ..... : 6
Thu 05-01-2023 14:36:31:: USERINFO: Number of islands found ................. : 1
Thu 05-01-2023 14:36:39:: USERINFO: Total number of Gaussians fit to image .. : 17
Thu 05-01-2023 14:36:39:: USERINFO: Total flux density in model ............. : 0.474 Jy
Thu 05-01-2023 14:36:39:: USERINFO: --> Grouping Gaussians into sources
Thu 05-01-2023 14:36:39:: USERINFO: Number of sources formed from Gaussians   : 2
Thu 05-01-2023 14:36:39:: INFO    : Calculating residual image after subtracting reconstructed gaussians
Thu 05-01-2023 14:36:39:: INFO    : Statistics of the Gaussian residual image:
                                            mean: -8.724e-05 (Jy/beam)
                                        std. dev: 2.210e-04 (Jy/beam)
                                            skew: -0.289
                                        kurtosis: 0.386
Thu 05-01-2023 14:36:40:: INFO    : Internally derived parameters:
                                        beam                 : (0.0015, 0.0015, 0.0)
                                        bmpersrc_th          : 15.204188481675393
                                        frequency            : 1435100000.0
                                        indir                : './'
                                        maxpix_isl           : inf
                                        minpix_isl           : 6
                                        rms_box              : (211, 13)
                                        rms_box_bright       : (84, 13)
                                        thresh               : 'hard'

========================================================================
Thu 05-01-2023 14:38:15:: INFO    : Processing J085556.090+491113.15.fits
Thu 05-01-2023 14:38:15:: INFO    : PyBDSF version 1.10.1
Thu 05-01-2023 14:38:15:: INFO    : Non-default input parameters:
                                        filename             = 'J085556.090+491113.15.fits'
Thu 05-01-2023 14:38:16:: USERINFO: --> Opened 'J085556.090+491113.15.fits'
Thu 05-01-2023 14:38:16:: INFO    : Original data shape of J085556.090+491113.15.fits: (132, 132)
Thu 05-01-2023 14:38:16:: INFO    : Final data shape (npol, nchan, x, y): (1, 1, 132, 132)
Thu 05-01-2023 14:38:16:: USERINFO: Image size .............................. : (132, 132) pixels
Thu 05-01-2023 14:38:16:: USERINFO: Number of channels ...................... : 1
Thu 05-01-2023 14:38:16:: USERINFO: Number of Stokes parameters ............. : 1
Thu 05-01-2023 14:38:17:: USERINFO: Beam shape (major, minor, pos angle) .... : (1.50000e-03, 1.50000e-03, 0.0) degrees
Thu 05-01-2023 14:38:17:: INFO    : Equinox of image is 2000.000000.
Thu 05-01-2023 14:38:17:: USERINFO: Frequency of image ...................... : 1435.100 MHz
Thu 05-01-2023 14:38:17:: USERINFO: Number of blank pixels .................. : 0 (0.0%)
Thu 05-01-2023 14:38:17:: INFO    : Raw mean (Stokes I) =  0.1901 mJy and raw rms =  1.5056 mJy 
Thu 05-01-2023 14:38:17:: INFO    : sigma clipped mean (Stokes I) =  -0.0623 mJy and  sigma clipped rms =  0.2260 mJy 
Thu 05-01-2023 14:38:17:: USERINFO: Flux from sum of (non-blank) pixels ..... : 0.325 Jy
Thu 05-01-2023 14:38:17:: INFO    : Estimated bmpersrc_th =   15.20
Thu 05-01-2023 14:38:17:: INFO    : Parameter confused is True
Thu 05-01-2023 14:38:17:: USERINFO: --> Calculating background rms and mean images
Thu 05-01-2023 14:38:17:: INFO    : Estimated size of brightest source (pixels) = 3
Thu 05-01-2023 14:38:17:: INFO    : Maximum extent of largest 10-sigma island using clipped rms (pixels) = 42
Thu 05-01-2023 14:38:17:: USERINFO: Derived rms_box (box size, step size) ... : (211, 13) pixels
Thu 05-01-2023 14:38:17:: USERINFO: --> Size of rms_box larger than 1/4 of image size
Thu 05-01-2023 14:38:17:: USERINFO: --> Using constant background rms and mean
Thu 05-01-2023 14:38:17:: USERINFO: Value of background rms ................. : 2.26e-04 Jy/beam
Thu 05-01-2023 14:38:17:: USERINFO: Value of background mean ................ : -6e-05 Jy/beam
Thu 05-01-2023 14:38:17:: USERINFO: --> Expected 5-sigma-clipped false detection rate < fdr_ratio
Thu 05-01-2023 14:38:17:: USERINFO: --> Using sigma-clipping ('hard') thresholding
Thu 05-01-2023 14:38:17:: USERINFO: Minimum number of pixels per island ..... : 6
Thu 05-01-2023 14:38:17:: USERINFO: Number of islands found ................. : 1
Thu 05-01-2023 14:38:23:: USERINFO: Total number of Gaussians fit to image .. : 17
Thu 05-01-2023 14:38:23:: USERINFO: Total flux density in model ............. : 0.474 Jy
Thu 05-01-2023 14:38:23:: USERINFO: --> Grouping Gaussians into sources
Thu 05-01-2023 14:38:24:: USERINFO: Number of sources formed from Gaussians   : 2
Thu 05-01-2023 14:38:24:: INFO    : Calculating residual image after subtracting reconstructed gaussians
Thu 05-01-2023 14:38:24:: INFO    : Statistics of the Gaussian residual image:
                                            mean: -8.724e-05 (Jy/beam)
                                        std. dev: 2.210e-04 (Jy/beam)
                                            skew: -0.289
                                        kurtosis: 0.386
Thu 05-01-2023 14:38:24:: INFO    : Internally derived parameters:
                                        beam                 : (0.0015, 0.0015, 0.0)
                                        bmpersrc_th          : 15.204188481675393
                                        frequency            : 1435100000.0
                                        indir                : './'
                                        maxpix_isl           : inf
                                        minpix_isl           : 6
                                        rms_box              : (211, 13)
                                        rms_box_bright       : (84, 13)
                                        thresh               : 'hard'
