
========================================================================
Tue 04-04-2023 11:17:06:: INFO    : Processing J000410+082157.fits
Tue 04-04-2023 11:17:06:: INFO    : PyBDSF version 1.10.1
Tue 04-04-2023 11:17:06:: INFO    : Non-default input parameters:
                                        filename             = 'J000410+082157.fits'
Tue 04-04-2023 11:17:06:: USERINFO: --> Opened 'J000410+082157.fits'
Tue 04-04-2023 11:17:06:: INFO    : Original data shape of J000410+082157.fits: (50, 50)
Tue 04-04-2023 11:17:06:: INFO    : Final data shape (npol, nchan, x, y): (1, 1, 50, 50)
Tue 04-04-2023 11:17:06:: USERINFO: Image size .............................. : (50, 50) pixels
Tue 04-04-2023 11:17:06:: USERINFO: Number of channels ...................... : 1
Tue 04-04-2023 11:17:06:: USERINFO: Number of Stokes parameters ............. : 1
Tue 04-04-2023 11:17:06:: USERINFO: Beam shape (major, minor, pos angle) .... : (1.77780e-03, 1.50000e-03, 0.0) degrees
Tue 04-04-2023 11:17:06:: INFO    : Equinox of image is 2000.000000.
Tue 04-04-2023 11:17:06:: USERINFO: Frequency of image ...................... : 1464.900 MHz
Tue 04-04-2023 11:17:06:: USERINFO: Number of blank pixels .................. : 0 (0.0%)
Tue 04-04-2023 11:17:06:: INFO    : Raw mean (Stokes I) =  0.2539 mJy and raw rms =  2.6643 mJy 
Tue 04-04-2023 11:17:06:: INFO    : sigma clipped mean (Stokes I) =  -0.0129 mJy and  sigma clipped rms =  0.1151 mJy 
Tue 04-04-2023 11:17:06:: USERINFO: Flux from sum of (non-blank) pixels ..... : 0.053 Jy
Tue 04-04-2023 11:17:06:: INFO    : Estimated bmpersrc_th =   29.76
Tue 04-04-2023 11:17:06:: INFO    : Parameter confused is False
Tue 04-04-2023 11:17:06:: USERINFO: --> Calculating background rms and mean images
Tue 04-04-2023 11:17:06:: INFO    : Estimated size of brightest source (pixels) = 3
Tue 04-04-2023 11:17:06:: INFO    : Maximum extent of largest 10-sigma island using clipped rms (pixels) = 9
Tue 04-04-2023 11:17:06:: USERINFO: Derived rms_box (box size, step size) ... : (45, 5) pixels
Tue 04-04-2023 11:17:06:: USERINFO: --> Size of rms_box larger than 1/4 of image size
Tue 04-04-2023 11:17:06:: USERINFO: --> Using constant background rms and mean
Tue 04-04-2023 11:17:06:: USERINFO: Value of background rms ................. : 1.15e-04 Jy/beam
Tue 04-04-2023 11:17:06:: USERINFO: Value of background mean ................ : -1e-05 Jy/beam
Tue 04-04-2023 11:17:06:: USERINFO: --> Expected 5-sigma-clipped false detection rate < fdr_ratio
Tue 04-04-2023 11:17:06:: USERINFO: --> Using sigma-clipping ('hard') thresholding
Tue 04-04-2023 11:17:06:: USERINFO: Minimum number of pixels per island ..... : 6
Tue 04-04-2023 11:17:06:: USERINFO: Number of islands found ................. : 1
Tue 04-04-2023 11:17:06:: USERINFO: Total number of Gaussians fit to image .. : 1
Tue 04-04-2023 11:17:06:: USERINFO: Total flux density in model ............. : 0.055 Jy
Tue 04-04-2023 11:17:06:: USERINFO: --> Grouping Gaussians into sources
Tue 04-04-2023 11:17:06:: USERINFO: Number of sources formed from Gaussians   : 1
Tue 04-04-2023 11:17:06:: INFO    : Calculating residual image after subtracting reconstructed gaussians
Tue 04-04-2023 11:17:06:: INFO    : Statistics of the Gaussian residual image:
                                            mean: -1.137e-05 (Jy/beam)
                                        std. dev: 1.198e-04 (Jy/beam)
                                            skew: -0.025
                                        kurtosis: 0.839
Tue 04-04-2023 11:17:07:: INFO    : Internally derived parameters:
                                        beam                 : (0.0017778, 0.0015, 0.0)
                                        bmpersrc_th          : 29.761904761904763
                                        frequency            : 1464900000.0
                                        indir                : './'
                                        maxpix_isl           : inf
                                        minpix_isl           : 6
                                        rms_box              : (45, 5)
                                        rms_box_bright       : (18, 5)
                                        thresh               : 'hard'
