
========================================================================
Tue 04-04-2023 10:53:35:: INFO    : Processing J085556+491113.fits
Tue 04-04-2023 10:53:35:: INFO    : PyBDSF version 1.10.1
Tue 04-04-2023 10:53:35:: INFO    : Non-default input parameters:
                                        filename             = 'J085556+491113.fits'
Tue 04-04-2023 10:53:35:: USERINFO: --> Opened 'J085556+491113.fits'
Tue 04-04-2023 10:53:35:: INFO    : Original data shape of J085556+491113.fits: (50, 50)
Tue 04-04-2023 10:53:35:: INFO    : Final data shape (npol, nchan, x, y): (1, 1, 50, 50)
Tue 04-04-2023 10:53:35:: USERINFO: Image size .............................. : (50, 50) pixels
Tue 04-04-2023 10:53:35:: USERINFO: Number of channels ...................... : 1
Tue 04-04-2023 10:53:35:: USERINFO: Number of Stokes parameters ............. : 1
Tue 04-04-2023 10:53:40:: USERINFO: Beam shape (major, minor, pos angle) .... : (1.50000e-03, 1.50000e-03, 0.0) degrees
Tue 04-04-2023 10:53:40:: INFO    : Equinox of image is 2000.000000.
Tue 04-04-2023 10:53:40:: USERINFO: Frequency of image ...................... : 1435.100 MHz
Tue 04-04-2023 10:53:40:: USERINFO: Number of blank pixels .................. : 0 (0.0%)
Tue 04-04-2023 10:53:40:: INFO    : Raw mean (Stokes I) =  1.8316 mJy and raw rms =  3.5180 mJy 
Tue 04-04-2023 10:53:40:: INFO    : sigma clipped mean (Stokes I) =  -0.0615 mJy and  sigma clipped rms =  0.3137 mJy 
Tue 04-04-2023 10:53:40:: USERINFO: Flux from sum of (non-blank) pixels ..... : 0.449 Jy
Tue 04-04-2023 10:53:40:: INFO    : Estimated bmpersrc_th =    2.48
Tue 04-04-2023 10:53:40:: INFO    : Parameter confused is True
Tue 04-04-2023 10:53:40:: USERINFO: --> Calculating background rms and mean images
Tue 04-04-2023 10:53:40:: INFO    : Estimated size of brightest source (pixels) = 3
Tue 04-04-2023 10:53:40:: INFO    : Maximum extent of largest 10-sigma island using clipped rms (pixels) = 42
Tue 04-04-2023 10:53:40:: USERINFO: Derived rms_box (box size, step size) ... : (211, 5) pixels
Tue 04-04-2023 10:53:40:: USERINFO: --> Size of rms_box larger than 1/4 of image size
Tue 04-04-2023 10:53:40:: USERINFO: --> Using constant background rms and mean
Tue 04-04-2023 10:53:40:: USERINFO: Value of background rms ................. : 3.14e-04 Jy/beam
Tue 04-04-2023 10:53:40:: USERINFO: Value of background mean ................ : -6e-05 Jy/beam
Tue 04-04-2023 10:53:40:: USERINFO: --> Expected 5-sigma-clipped false detection rate < fdr_ratio
Tue 04-04-2023 10:53:40:: USERINFO: --> Using sigma-clipping ('hard') thresholding
Tue 04-04-2023 10:53:40:: USERINFO: Minimum number of pixels per island ..... : 6
Tue 04-04-2023 10:53:40:: USERINFO: Number of islands found ................. : 1
Tue 04-04-2023 10:53:43:: USERINFO: Total number of Gaussians fit to image .. : 11
Tue 04-04-2023 10:53:43:: USERINFO: Total flux density in model ............. : 0.479 Jy
Tue 04-04-2023 10:53:43:: USERINFO: --> Grouping Gaussians into sources
Tue 04-04-2023 10:53:43:: USERINFO: Number of sources formed from Gaussians   : 2
Tue 04-04-2023 10:53:43:: INFO    : Calculating residual image after subtracting reconstructed gaussians
Tue 04-04-2023 10:53:43:: INFO    : Statistics of the Gaussian residual image:
                                            mean: -1.162e-04 (Jy/beam)
                                        std. dev: 2.604e-04 (Jy/beam)
                                            skew: -0.069
                                        kurtosis: 0.094
Tue 04-04-2023 10:53:43:: INFO    : Internally derived parameters:
                                        beam                 : (0.0015, 0.0015, 0.0)
                                        bmpersrc_th          : 2.4801587301587302
                                        frequency            : 1435100000.0
                                        indir                : './'
                                        maxpix_isl           : inf
                                        minpix_isl           : 6
                                        rms_box              : (211, 5)
                                        rms_box_bright       : (84, 5)
                                        thresh               : 'hard'

========================================================================
Tue 04-04-2023 10:58:31:: INFO    : Processing J085556+491113.fits
Tue 04-04-2023 10:58:31:: INFO    : PyBDSF version 1.10.1
Tue 04-04-2023 10:58:31:: INFO    : Non-default input parameters:
                                        filename             = 'J085556+491113.fits'
Tue 04-04-2023 10:58:31:: USERINFO: --> Opened 'J085556+491113.fits'
Tue 04-04-2023 10:58:31:: INFO    : Original data shape of J085556+491113.fits: (50, 50)
Tue 04-04-2023 10:58:31:: INFO    : Final data shape (npol, nchan, x, y): (1, 1, 50, 50)
Tue 04-04-2023 10:58:31:: USERINFO: Image size .............................. : (50, 50) pixels
Tue 04-04-2023 10:58:31:: USERINFO: Number of channels ...................... : 1
Tue 04-04-2023 10:58:31:: USERINFO: Number of Stokes parameters ............. : 1
Tue 04-04-2023 10:58:31:: USERINFO: Beam shape (major, minor, pos angle) .... : (1.50000e-03, 1.50000e-03, 0.0) degrees
Tue 04-04-2023 10:58:31:: INFO    : Equinox of image is 2000.000000.
Tue 04-04-2023 10:58:31:: USERINFO: Frequency of image ...................... : 1435.100 MHz
Tue 04-04-2023 10:58:31:: USERINFO: Number of blank pixels .................. : 0 (0.0%)
Tue 04-04-2023 10:58:31:: INFO    : Raw mean (Stokes I) =  1.8316 mJy and raw rms =  3.5180 mJy 
Tue 04-04-2023 10:58:31:: INFO    : sigma clipped mean (Stokes I) =  -0.0615 mJy and  sigma clipped rms =  0.3137 mJy 
Tue 04-04-2023 10:58:31:: USERINFO: Flux from sum of (non-blank) pixels ..... : 0.449 Jy
Tue 04-04-2023 10:58:31:: INFO    : Estimated bmpersrc_th =    2.48
Tue 04-04-2023 10:58:31:: INFO    : Parameter confused is True
Tue 04-04-2023 10:58:31:: USERINFO: --> Calculating background rms and mean images
Tue 04-04-2023 10:58:31:: INFO    : Estimated size of brightest source (pixels) = 3
Tue 04-04-2023 10:58:31:: INFO    : Maximum extent of largest 10-sigma island using clipped rms (pixels) = 42
Tue 04-04-2023 10:58:31:: USERINFO: Derived rms_box (box size, step size) ... : (211, 5) pixels
Tue 04-04-2023 10:58:31:: USERINFO: --> Size of rms_box larger than 1/4 of image size
Tue 04-04-2023 10:58:31:: USERINFO: --> Using constant background rms and mean
Tue 04-04-2023 10:58:31:: USERINFO: Value of background rms ................. : 3.14e-04 Jy/beam
Tue 04-04-2023 10:58:31:: USERINFO: Value of background mean ................ : -6e-05 Jy/beam
Tue 04-04-2023 10:58:31:: USERINFO: --> Expected 5-sigma-clipped false detection rate < fdr_ratio
Tue 04-04-2023 10:58:31:: USERINFO: --> Using sigma-clipping ('hard') thresholding
Tue 04-04-2023 10:58:32:: USERINFO: Minimum number of pixels per island ..... : 6
Tue 04-04-2023 10:58:32:: USERINFO: Number of islands found ................. : 1
Tue 04-04-2023 10:58:35:: USERINFO: Total number of Gaussians fit to image .. : 11
Tue 04-04-2023 10:58:35:: USERINFO: Total flux density in model ............. : 0.479 Jy
Tue 04-04-2023 10:58:35:: USERINFO: --> Grouping Gaussians into sources
Tue 04-04-2023 10:58:35:: USERINFO: Number of sources formed from Gaussians   : 2
Tue 04-04-2023 10:58:35:: INFO    : Calculating residual image after subtracting reconstructed gaussians
Tue 04-04-2023 10:58:35:: INFO    : Statistics of the Gaussian residual image:
                                            mean: -1.162e-04 (Jy/beam)
                                        std. dev: 2.604e-04 (Jy/beam)
                                            skew: -0.069
                                        kurtosis: 0.094
Tue 04-04-2023 10:58:35:: INFO    : Internally derived parameters:
                                        beam                 : (0.0015, 0.0015, 0.0)
                                        bmpersrc_th          : 2.4801587301587302
                                        frequency            : 1435100000.0
                                        indir                : './'
                                        maxpix_isl           : inf
                                        minpix_isl           : 6
                                        rms_box              : (211, 5)
                                        rms_box_bright       : (84, 5)
                                        thresh               : 'hard'

========================================================================
Tue 04-04-2023 11:06:31:: INFO    : Processing J085556+491113.fits
Tue 04-04-2023 11:06:31:: INFO    : PyBDSF version 1.10.1
Tue 04-04-2023 11:06:31:: INFO    : Non-default input parameters:
                                        filename             = 'J085556+491113.fits'
Tue 04-04-2023 11:06:32:: USERINFO: --> Opened 'J085556+491113.fits'
Tue 04-04-2023 11:06:32:: INFO    : Original data shape of J085556+491113.fits: (50, 50)
Tue 04-04-2023 11:06:32:: INFO    : Final data shape (npol, nchan, x, y): (1, 1, 50, 50)
Tue 04-04-2023 11:06:32:: USERINFO: Image size .............................. : (50, 50) pixels
Tue 04-04-2023 11:06:32:: USERINFO: Number of channels ...................... : 1
Tue 04-04-2023 11:06:32:: USERINFO: Number of Stokes parameters ............. : 1
Tue 04-04-2023 11:06:32:: USERINFO: Beam shape (major, minor, pos angle) .... : (1.50000e-03, 1.50000e-03, 0.0) degrees
Tue 04-04-2023 11:06:32:: INFO    : Equinox of image is 2000.000000.
Tue 04-04-2023 11:06:32:: USERINFO: Frequency of image ...................... : 1435.100 MHz
Tue 04-04-2023 11:06:32:: USERINFO: Number of blank pixels .................. : 0 (0.0%)
Tue 04-04-2023 11:06:32:: INFO    : Raw mean (Stokes I) =  1.8316 mJy and raw rms =  3.5180 mJy 
Tue 04-04-2023 11:06:32:: INFO    : sigma clipped mean (Stokes I) =  -0.0615 mJy and  sigma clipped rms =  0.3137 mJy 
Tue 04-04-2023 11:06:32:: USERINFO: Flux from sum of (non-blank) pixels ..... : 0.449 Jy
Tue 04-04-2023 11:06:32:: INFO    : Estimated bmpersrc_th =    2.48
Tue 04-04-2023 11:06:32:: INFO    : Parameter confused is True
Tue 04-04-2023 11:06:32:: USERINFO: --> Calculating background rms and mean images
Tue 04-04-2023 11:06:32:: INFO    : Estimated size of brightest source (pixels) = 3
Tue 04-04-2023 11:06:32:: INFO    : Maximum extent of largest 10-sigma island using clipped rms (pixels) = 42
Tue 04-04-2023 11:06:32:: USERINFO: Derived rms_box (box size, step size) ... : (211, 5) pixels
Tue 04-04-2023 11:06:32:: USERINFO: --> Size of rms_box larger than 1/4 of image size
Tue 04-04-2023 11:06:32:: USERINFO: --> Using constant background rms and mean
Tue 04-04-2023 11:06:32:: USERINFO: Value of background rms ................. : 3.14e-04 Jy/beam
Tue 04-04-2023 11:06:32:: USERINFO: Value of background mean ................ : -6e-05 Jy/beam
Tue 04-04-2023 11:06:32:: USERINFO: --> Expected 5-sigma-clipped false detection rate < fdr_ratio
Tue 04-04-2023 11:06:32:: USERINFO: --> Using sigma-clipping ('hard') thresholding
Tue 04-04-2023 11:06:32:: USERINFO: Minimum number of pixels per island ..... : 6
Tue 04-04-2023 11:06:32:: USERINFO: Number of islands found ................. : 1
Tue 04-04-2023 11:06:35:: USERINFO: Total number of Gaussians fit to image .. : 11
Tue 04-04-2023 11:06:35:: USERINFO: Total flux density in model ............. : 0.479 Jy
Tue 04-04-2023 11:06:35:: USERINFO: --> Grouping Gaussians into sources
Tue 04-04-2023 11:06:35:: USERINFO: Number of sources formed from Gaussians   : 2
Tue 04-04-2023 11:06:35:: INFO    : Calculating residual image after subtracting reconstructed gaussians
Tue 04-04-2023 11:06:35:: INFO    : Statistics of the Gaussian residual image:
                                            mean: -1.162e-04 (Jy/beam)
                                        std. dev: 2.604e-04 (Jy/beam)
                                            skew: -0.069
                                        kurtosis: 0.094
Tue 04-04-2023 11:06:35:: INFO    : Internally derived parameters:
                                        beam                 : (0.0015, 0.0015, 0.0)
                                        bmpersrc_th          : 2.4801587301587302
                                        frequency            : 1435100000.0
                                        indir                : './'
                                        maxpix_isl           : inf
                                        minpix_isl           : 6
                                        rms_box              : (211, 5)
                                        rms_box_bright       : (84, 5)
                                        thresh               : 'hard'
Tue 04-04-2023 11:08:05:: WARNING : The PostScript backend does not support transparency; partially transparent artists will be rendered opaque.
